<?xml version="1.0" encoding="UTF-8"?>
<coverage generated="1783517977539" clover="3.2.0">
  <project timestamp="1783517977539" name="All files">
    <metrics statements="64" coveredstatements="62" conditionals="39" coveredconditionals="30" methods="11" coveredmethods="11" elements="114" coveredelements="103" complexity="0" loc="64" ncloc="64" packages="1" files="1" classes="1"/>
    <file name="SoftSkillInjector.js" path="D:\C-c\NEWConcrete-mixdesign - 副本\src\main\agent\SoftSkillInjector.js">
      <metrics statements="64" coveredstatements="62" conditionals="39" coveredconditionals="30" methods="11" coveredmethods="11"/>
      <line num="12" count="1" type="stmt"/>
      <line num="13" count="1" type="stmt"/>
      <line num="16" count="1" type="stmt"/>
      <line num="29" count="10" type="stmt"/>
      <line num="30" count="10" type="stmt"/>
      <line num="31" count="10" type="stmt"/>
      <line num="32" count="10" type="stmt"/>
      <line num="34" count="10" type="stmt"/>
      <line num="42" count="10" type="cond" truecount="1" falsecount="1"/>
      <line num="43" count="10" type="cond" truecount="2" falsecount="0"/>
      <line num="44" count="1" type="stmt"/>
      <line num="47" count="9" type="stmt"/>
      <line num="48" count="9" type="cond" truecount="2" falsecount="0"/>
      <line num="51" count="9" type="cond" truecount="2" falsecount="0"/>
      <line num="52" count="9" type="cond" truecount="2" falsecount="0"/>
      <line num="53" count="1" type="stmt"/>
      <line num="54" count="1" type="stmt"/>
      <line num="56" count="1" type="stmt"/>
      <line num="60" count="7" type="cond" truecount="2" falsecount="0"/>
      <line num="61" count="1" type="stmt"/>
      <line num="63" count="6" type="stmt"/>
      <line num="64" count="6" type="stmt"/>
      <line num="65" count="6" type="stmt"/>
      <line num="69" count="1" type="stmt"/>
      <line num="73" count="1" type="stmt"/>
      <line num="81" count="5" type="stmt"/>
      <line num="82" count="5" type="cond" truecount="2" falsecount="0"/>
      <line num="83" count="3" type="stmt"/>
      <line num="87" count="3" type="cond" truecount="1" falsecount="1"/>
      <line num="90" count="3" type="stmt"/>
      <line num="93" count="3" type="stmt"/>
      <line num="94" count="3" type="cond" truecount="3" falsecount="0"/>
      <line num="95" count="3" type="stmt"/>
      <line num="98" count="3" type="cond" truecount="1" falsecount="1"/>
      <line num="99" count="3" type="cond" truecount="2" falsecount="0"/>
      <line num="100" count="1" type="stmt"/>
      <line num="101" count="1" type="stmt"/>
      <line num="102" count="1" type="stmt"/>
      <line num="103" count="1" type="cond" truecount="1" falsecount="1"/>
      <line num="104" count="0" type="stmt"/>
      <line num="105" count="0" type="stmt"/>
      <line num="107" count="1" type="stmt"/>
      <line num="109" count="1" type="cond" truecount="3" falsecount="1"/>
      <line num="110" count="1" type="stmt"/>
      <line num="111" count="1" type="stmt"/>
      <line num="112" count="1" type="stmt"/>
      <line num="115" count="1" type="cond" truecount="1" falsecount="1"/>
      <line num="118" count="3" type="stmt"/>
      <line num="126" count="6" type="stmt"/>
      <line num="127" count="6" type="stmt"/>
      <line num="128" count="6" type="stmt"/>
      <line num="129" count="6" type="stmt"/>
      <line num="130" count="31" type="stmt"/>
      <line num="131" count="6" type="cond" truecount="1" falsecount="1"/>
      <line num="132" count="6" type="stmt"/>
      <line num="133" count="6" type="stmt"/>
      <line num="136" count="6" type="stmt"/>
      <line num="141" count="6" type="cond" truecount="1" falsecount="1"/>
      <line num="142" count="6" type="stmt"/>
      <line num="143" count="6" type="cond" truecount="1" falsecount="1"/>
      <line num="144" count="27" type="stmt"/>
      <line num="146" count="6" type="cond" truecount="2" falsecount="0"/>
      <line num="147" count="6" type="stmt"/>
      <line num="151" count="1" type="stmt"/>
    </file>
  </project>
</coverage>
