{"D:\\C-c\\NEWConcrete-mixdesign - 副本\\src\\main\\agent\\SoftSkillInjector.js": {"path":"D:\\C-c\\NEWConcrete-mixdesign - 副本\\src\\main\\agent\\SoftSkillInjector.js","statementMap":{"0":{"start":{"line":12,"column":33},"end":{"line":12,"column":34}},"1":{"start":{"line":13,"column":27},"end":{"line":13,"column":31}},"2":{"start":{"line":16,"column":22},"end":{"line":25,"column":1}},"3":{"start":{"line":29,"column":4},"end":{"line":29,"column":33}},"4":{"start":{"line":30,"column":4},"end":{"line":30,"column":52}},"5":{"start":{"line":31,"column":4},"end":{"line":31,"column":42}},"6":{"start":{"line":32,"column":4},"end":{"line":32,"column":26}},"7":{"start":{"line":34,"column":4},"end":{"line":34,"column":33}},"8":{"start":{"line":42,"column":23},"end":{"line":42,"column":59}},"9":{"start":{"line":43,"column":4},"end":{"line":45,"column":5}},"10":{"start":{"line":44,"column":6},"end":{"line":44,"column":59}},"11":{"start":{"line":47,"column":19},"end":{"line":47,"column":51}},"12":{"start":{"line":48,"column":16},"end":{"line":48,"column":39}},"13":{"start":{"line":51,"column":4},"end":{"line":57,"column":5}},"14":{"start":{"line":52,"column":6},"end":{"line":55,"column":7}},"15":{"start":{"line":52,"column":34},"end":{"line":52,"column":45}},"16":{"start":{"line":53,"column":8},"end":{"line":53,"column":43}},"17":{"start":{"line":54,"column":8},"end":{"line":54,"column":87}},"18":{"start":{"line":56,"column":6},"end":{"line":56,"column":64}},"19":{"start":{"line":60,"column":4},"end":{"line":62,"column":5}},"20":{"start":{"line":61,"column":6},"end":{"line":61,"column":53}},"21":{"start":{"line":63,"column":18},"end":{"line":63,"column":50}},"22":{"start":{"line":64,"column":4},"end":{"line":64,"column":90}},"23":{"start":{"line":65,"column":4},"end":{"line":65,"column":53}},"24":{"start":{"line":69,"column":4},"end":{"line":69,"column":78}},"25":{"start":{"line":73,"column":4},"end":{"line":73,"column":39}},"26":{"start":{"line":81,"column":19},"end":{"line":81,"column":51}},"27":{"start":{"line":82,"column":4},"end":{"line":82,"column":26}},"28":{"start":{"line":82,"column":17},"end":{"line":82,"column":26}},"29":{"start":{"line":83,"column":4},"end":{"line":83,"column":43}},"30":{"start":{"line":87,"column":23},"end":{"line":87,"column":59}},"31":{"start":{"line":90,"column":19},"end":{"line":90,"column":82}},"32":{"start":{"line":90,"column":39},"end":{"line":90,"column":70}},"33":{"start":{"line":93,"column":18},"end":{"line":93,"column":58}},"34":{"start":{"line":94,"column":17},"end":{"line":94,"column":47}},"35":{"start":{"line":95,"column":18},"end":{"line":95,"column":84}},"36":{"start":{"line":98,"column":17},"end":{"line":98,"column":71}},"37":{"start":{"line":99,"column":4},"end":{"line":116,"column":5}},"38":{"start":{"line":100,"column":19},"end":{"line":100,"column":21}},"39":{"start":{"line":101,"column":21},"end":{"line":101,"column":22}},"40":{"start":{"line":102,"column":6},"end":{"line":114,"column":7}},"41":{"start":{"line":103,"column":8},"end":{"line":106,"column":9}},"42":{"start":{"line":104,"column":10},"end":{"line":104,"column":36}},"43":{"start":{"line":105,"column":10},"end":{"line":105,"column":15}},"44":{"start":{"line":107,"column":23},"end":{"line":107,"column":98}},"45":{"start":{"line":109,"column":8},"end":{"line":113,"column":9}},"46":{"start":{"line":110,"column":10},"end":{"line":110,"column":55}},"47":{"start":{"line":111,"column":10},"end":{"line":111,"column":70}},"48":{"start":{"line":112,"column":10},"end":{"line":112,"column":40}},"49":{"start":{"line":115,"column":6},"end":{"line":115,"column":66}},"50":{"start":{"line":115,"column":18},"end":{"line":115,"column":66}},"51":{"start":{"line":118,"column":4},"end":{"line":118,"column":32}},"52":{"start":{"line":126,"column":16},"end":{"line":126,"column":37}},"53":{"start":{"line":127,"column":15},"end":{"line":127,"column":28}},"54":{"start":{"line":128,"column":20},"end":{"line":128,"column":22}},"55":{"start":{"line":129,"column":4},"end":{"line":135,"column":5}},"56":{"start":{"line":130,"column":20},"end":{"line":130,"column":87}},"57":{"start":{"line":130,"column":64},"end":{"line":130,"column":79}},"58":{"start":{"line":131,"column":6},"end":{"line":134,"column":7}},"59":{"start":{"line":132,"column":8},"end":{"line":132,"column":20}},"60":{"start":{"line":133,"column":8},"end":{"line":133,"column":25}},"61":{"start":{"line":136,"column":4},"end":{"line":136,"column":15}},"62":{"start":{"line":141,"column":17},"end":{"line":141,"column":43}},"63":{"start":{"line":142,"column":19},"end":{"line":142,"column":21}},"64":{"start":{"line":143,"column":4},"end":{"line":145,"column":5}},"65":{"start":{"line":144,"column":6},"end":{"line":144,"column":80}},"66":{"start":{"line":144,"column":19},"end":{"line":144,"column":20}},"67":{"start":{"line":144,"column":48},"end":{"line":144,"column":80}},"68":{"start":{"line":146,"column":4},"end":{"line":146,"column":69}},"69":{"start":{"line":146,"column":55},"end":{"line":146,"column":69}},"70":{"start":{"line":147,"column":4},"end":{"line":147,"column":17}},"71":{"start":{"line":151,"column":0},"end":{"line":151,"column":34}}},"fnMap":{"0":{"name":"(anonymous_0)","decl":{"start":{"line":28,"column":2},"end":{"line":28,"column":3}},"loc":{"start":{"line":28,"column":81},"end":{"line":35,"column":3}},"line":28},"1":{"name":"(anonymous_1)","decl":{"start":{"line":41,"column":2},"end":{"line":41,"column":3}},"loc":{"start":{"line":41,"column":44},"end":{"line":66,"column":3}},"line":41},"2":{"name":"(anonymous_2)","decl":{"start":{"line":52,"column":29},"end":{"line":52,"column":30}},"loc":{"start":{"line":52,"column":34},"end":{"line":52,"column":45}},"line":52},"3":{"name":"(anonymous_3)","decl":{"start":{"line":68,"column":2},"end":{"line":68,"column":3}},"loc":{"start":{"line":68,"column":38},"end":{"line":70,"column":3}},"line":68},"4":{"name":"(anonymous_4)","decl":{"start":{"line":72,"column":2},"end":{"line":72,"column":3}},"loc":{"start":{"line":72,"column":21},"end":{"line":74,"column":3}},"line":72},"5":{"name":"(anonymous_5)","decl":{"start":{"line":80,"column":2},"end":{"line":80,"column":3}},"loc":{"start":{"line":80,"column":35},"end":{"line":84,"column":3}},"line":80},"6":{"name":"(anonymous_6)","decl":{"start":{"line":86,"column":2},"end":{"line":86,"column":3}},"loc":{"start":{"line":86,"column":36},"end":{"line":119,"column":3}},"line":86},"7":{"name":"(anonymous_7)","decl":{"start":{"line":90,"column":34},"end":{"line":90,"column":35}},"loc":{"start":{"line":90,"column":39},"end":{"line":90,"column":70}},"line":90},"8":{"name":"(anonymous_8)","decl":{"start":{"line":125,"column":2},"end":{"line":125,"column":3}},"loc":{"start":{"line":125,"column":34},"end":{"line":137,"column":3}},"line":125},"9":{"name":"(anonymous_9)","decl":{"start":{"line":130,"column":59},"end":{"line":130,"column":60}},"loc":{"start":{"line":130,"column":64},"end":{"line":130,"column":79}},"line":130},"10":{"name":"(anonymous_10)","decl":{"start":{"line":140,"column":2},"end":{"line":140,"column":3}},"loc":{"start":{"line":140,"column":16},"end":{"line":148,"column":3}},"line":140}},"branchMap":{"0":{"loc":{"start":{"line":42,"column":23},"end":{"line":42,"column":59}},"type":"binary-expr","locations":[{"start":{"line":42,"column":23},"end":{"line":42,"column":53}},{"start":{"line":42,"column":57},"end":{"line":42,"column":59}}],"line":42},"1":{"loc":{"start":{"line":43,"column":4},"end":{"line":45,"column":5}},"type":"if","locations":[{"start":{"line":43,"column":4},"end":{"line":45,"column":5}},{"start":{},"end":{}}],"line":43},"2":{"loc":{"start":{"line":48,"column":16},"end":{"line":48,"column":39}},"type":"binary-expr","locations":[{"start":{"line":48,"column":16},"end":{"line":48,"column":33}},{"start":{"line":48,"column":37},"end":{"line":48,"column":39}}],"line":48},"3":{"loc":{"start":{"line":51,"column":4},"end":{"line":57,"column":5}},"type":"if","locations":[{"start":{"line":51,"column":4},"end":{"line":57,"column":5}},{"start":{},"end":{}}],"line":51},"4":{"loc":{"start":{"line":52,"column":6},"end":{"line":55,"column":7}},"type":"if","locations":[{"start":{"line":52,"column":6},"end":{"line":55,"column":7}},{"start":{},"end":{}}],"line":52},"5":{"loc":{"start":{"line":60,"column":4},"end":{"line":62,"column":5}},"type":"if","locations":[{"start":{"line":60,"column":4},"end":{"line":62,"column":5}},{"start":{},"end":{}}],"line":60},"6":{"loc":{"start":{"line":82,"column":4},"end":{"line":82,"column":26}},"type":"if","locations":[{"start":{"line":82,"column":4},"end":{"line":82,"column":26}},{"start":{},"end":{}}],"line":82},"7":{"loc":{"start":{"line":87,"column":23},"end":{"line":87,"column":59}},"type":"binary-expr","locations":[{"start":{"line":87,"column":23},"end":{"line":87,"column":53}},{"start":{"line":87,"column":57},"end":{"line":87,"column":59}}],"line":87},"8":{"loc":{"start":{"line":94,"column":17},"end":{"line":94,"column":47}},"type":"binary-expr","locations":[{"start":{"line":94,"column":18},"end":{"line":94,"column":23}},{"start":{"line":94,"column":27},"end":{"line":94,"column":40}},{"start":{"line":94,"column":45},"end":{"line":94,"column":47}}],"line":94},"9":{"loc":{"start":{"line":98,"column":17},"end":{"line":98,"column":71}},"type":"binary-expr","locations":[{"start":{"line":98,"column":17},"end":{"line":98,"column":65}},{"start":{"line":98,"column":69},"end":{"line":98,"column":71}}],"line":98},"10":{"loc":{"start":{"line":99,"column":4},"end":{"line":116,"column":5}},"type":"if","locations":[{"start":{"line":99,"column":4},"end":{"line":116,"column":5}},{"start":{},"end":{}}],"line":99},"11":{"loc":{"start":{"line":103,"column":8},"end":{"line":106,"column":9}},"type":"if","locations":[{"start":{"line":103,"column":8},"end":{"line":106,"column":9}},{"start":{},"end":{}}],"line":103},"12":{"loc":{"start":{"line":109,"column":8},"end":{"line":113,"column":9}},"type":"if","locations":[{"start":{"line":109,"column":8},"end":{"line":113,"column":9}},{"start":{},"end":{}}],"line":109},"13":{"loc":{"start":{"line":109,"column":12},"end":{"line":109,"column":36}},"type":"binary-expr","locations":[{"start":{"line":109,"column":12},"end":{"line":109,"column":18}},{"start":{"line":109,"column":22},"end":{"line":109,"column":36}}],"line":109},"14":{"loc":{"start":{"line":115,"column":6},"end":{"line":115,"column":66}},"type":"if","locations":[{"start":{"line":115,"column":6},"end":{"line":115,"column":66}},{"start":{},"end":{}}],"line":115},"15":{"loc":{"start":{"line":131,"column":6},"end":{"line":134,"column":7}},"type":"if","locations":[{"start":{"line":131,"column":6},"end":{"line":134,"column":7}},{"start":{},"end":{}}],"line":131},"16":{"loc":{"start":{"line":141,"column":18},"end":{"line":141,"column":28}},"type":"binary-expr","locations":[{"start":{"line":141,"column":18},"end":{"line":141,"column":22}},{"start":{"line":141,"column":26},"end":{"line":141,"column":28}}],"line":141},"17":{"loc":{"start":{"line":143,"column":22},"end":{"line":143,"column":49}},"type":"binary-expr","locations":[{"start":{"line":143,"column":22},"end":{"line":143,"column":43}},{"start":{"line":143,"column":47},"end":{"line":143,"column":49}}],"line":143},"18":{"loc":{"start":{"line":146,"column":20},"end":{"line":146,"column":53}},"type":"binary-expr","locations":[{"start":{"line":146,"column":20},"end":{"line":146,"column":47}},{"start":{"line":146,"column":51},"end":{"line":146,"column":53}}],"line":146}},"s":{"0":1,"1":1,"2":1,"3":10,"4":10,"5":10,"6":10,"7":10,"8":10,"9":10,"10":1,"11":9,"12":9,"13":9,"14":2,"15":9,"16":1,"17":1,"18":1,"19":7,"20":1,"21":6,"22":6,"23":6,"24":1,"25":1,"26":5,"27":5,"28":2,"29":3,"30":3,"31":3,"32":3,"33":3,"34":3,"35":3,"36":3,"37":3,"38":1,"39":1,"40":1,"41":1,"42":0,"43":0,"44":1,"45":1,"46":1,"47":1,"48":1,"49":1,"50":1,"51":3,"52":6,"53":6,"54":6,"55":6,"56":6,"57":31,"58":6,"59":6,"60":6,"61":6,"62":6,"63":6,"64":6,"65":9,"66":9,"67":27,"68":6,"69":4,"70":6,"71":1},"f":{"0":10,"1":10,"2":9,"3":1,"4":1,"5":5,"6":3,"7":3,"8":6,"9":31,"10":6},"b":{"0":[10,0],"1":[1,9],"2":[9,1],"3":[2,7],"4":[1,1],"5":[1,6],"6":[2,3],"7":[3,0],"8":[3,2,1],"9":[3,0],"10":[1,2],"11":[0,1],"12":[1,0],"13":[1,1],"14":[1,0],"15":[6,0],"16":[6,0],"17":[6,0],"18":[6,3]},"_coverageSchema":"1a1c01bbd47fc00a2c39e90264f33305004495a9","hash":"eb26dfde20a2aab998607536e9ec5d059de69ee8"}
}
