TN:
SF:src\main\agent\SoftSkillInjector.js
FN:28,(anonymous_0)
FN:41,(anonymous_1)
FN:52,(anonymous_2)
FN:68,(anonymous_3)
FN:72,(anonymous_4)
FN:80,(anonymous_5)
FN:86,(anonymous_6)
FN:90,(anonymous_7)
FN:125,(anonymous_8)
FN:130,(anonymous_9)
FN:140,(anonymous_10)
FNF:11
FNH:11
FNDA:10,(anonymous_0)
FNDA:10,(anonymous_1)
FNDA:9,(anonymous_2)
FNDA:1,(anonymous_3)
FNDA:1,(anonymous_4)
FNDA:5,(anonymous_5)
FNDA:3,(anonymous_6)
FNDA:3,(anonymous_7)
FNDA:6,(anonymous_8)
FNDA:31,(anonymous_9)
FNDA:6,(anonymous_10)
DA:12,1
DA:13,1
DA:16,1
DA:29,10
DA:30,10
DA:31,10
DA:32,10
DA:34,10
DA:42,10
DA:43,10
DA:44,1
DA:47,9
DA:48,9
DA:51,9
DA:52,9
DA:53,1
DA:54,1
DA:56,1
DA:60,7
DA:61,1
DA:63,6
DA:64,6
DA:65,6
DA:69,1
DA:73,1
DA:81,5
DA:82,5
DA:83,3
DA:87,3
DA:90,3
DA:93,3
DA:94,3
DA:95,3
DA:98,3
DA:99,3
DA:100,1
DA:101,1
DA:102,1
DA:103,1
DA:104,0
DA:105,0
DA:107,1
DA:109,1
DA:110,1
DA:111,1
DA:112,1
DA:115,1
DA:118,3
DA:126,6
DA:127,6
DA:128,6
DA:129,6
DA:130,31
DA:131,6
DA:132,6
DA:133,6
DA:136,6
DA:141,6
DA:142,6
DA:143,6
DA:144,27
DA:146,6
DA:147,6
DA:151,1
LF:64
LH:62
BRDA:42,0,0,10
BRDA:42,0,1,0
BRDA:43,1,0,1
BRDA:43,1,1,9
BRDA:48,2,0,9
BRDA:48,2,1,1
BRDA:51,3,0,2
BRDA:51,3,1,7
BRDA:52,4,0,1
BRDA:52,4,1,1
BRDA:60,5,0,1
BRDA:60,5,1,6
BRDA:82,6,0,2
BRDA:82,6,1,3
BRDA:87,7,0,3
BRDA:87,7,1,0
BRDA:94,8,0,3
BRDA:94,8,1,2
BRDA:94,8,2,1
BRDA:98,9,0,3
BRDA:98,9,1,0
BRDA:99,10,0,1
BRDA:99,10,1,2
BRDA:103,11,0,0
BRDA:103,11,1,1
BRDA:109,12,0,1
BRDA:109,12,1,0
BRDA:109,13,0,1
BRDA:109,13,1,1
BRDA:115,14,0,1
BRDA:115,14,1,0
BRDA:131,15,0,6
BRDA:131,15,1,0
BRDA:141,16,0,6
BRDA:141,16,1,0
BRDA:143,17,0,6
BRDA:143,17,1,0
BRDA:146,18,0,6
BRDA:146,18,1,3
BRF:39
BRH:30
end_of_record
